***********************************************************************
*
*	DYNAMIC LINK AND INDIRECT ALLOCATION LISTING FOR: rover_safety_controller
*
***********************************************************************


***************************************************
	 FIRST CODE AREA
***************************************************

***************************************************
	 DATABLOCK PATCHES
***************************************************
*
* List of data blocks that will be checked run-time for consistency with
* their definition available at compile-time
*
*
*	REQUIREMENTS for DATA BLOCK %Q0
*		Process image: 0
*		Number of elements: 8
*		Data size (bytes): 1
0000	00 02 00 00 08 00 00 00 01 00 00 00 

*
*	REQUIREMENTS for DATA BLOCK %M60000
*		Process image: 0
*		Number of elements: 1
*		Data size (bytes): 4
000C	00 00 60 EA 01 00 00 00 04 00 00 00 

*
*	REQUIREMENTS for DATA BLOCK %I0
*		Process image: 0
*		Number of elements: 8
*		Data size (bytes): 1
0018	00 01 00 00 08 00 00 00 01 00 00 00 

*
* List of all references to data allocated on data blocks
* along with the whole information required by the run-time linker
*
*
*	1 REFERENCE(S) TO 8-BIT VAR AT BYTE #4 OF DATA BLOCK %Q0
0000	00 00 00 00 04 00 00 00 02 01 01 00 

*		Instruction type: 0x00
*		Code offset: 0x00000388
000C	88 03 00 00 

*
*	1 REFERENCE(S) TO 8-BIT VAR AT BYTE #5 OF DATA BLOCK %Q0
0010	00 00 00 00 05 00 00 00 02 01 01 00 

*		Instruction type: 0x00
*		Code offset: 0x0000038C
001C	8C 03 00 00 

*
*	1 REFERENCE(S) TO 8-BIT VAR AT BYTE #0 OF DATA BLOCK %I0
0020	00 00 00 00 00 00 00 00 01 01 01 00 

*		Instruction type: 0x00
*		Code offset: 0x00000390
002C	90 03 00 00 

*
*	1 REFERENCE(S) TO 8-BIT VAR AT BYTE #1 OF DATA BLOCK %Q0
0030	00 00 00 00 01 00 00 00 02 01 01 00 

*		Instruction type: 0x00
*		Code offset: 0x0000047C
003C	7C 04 00 00 

*
*	2 REFERENCE(S) TO 8-BIT VAR AT BYTE #2 OF DATA BLOCK %Q0
0040	00 00 00 00 02 00 00 00 02 01 02 00 

*		Instruction type: 0x00
*		Code offset: 0x00000380
004C	80 03 00 00 

*		Instruction type: 0x00
*		Code offset: 0x000007CC
0050	CC 07 00 00 

*
*	2 REFERENCE(S) TO 32-BIT VAR AT BYTE #0 OF DATA BLOCK %M60000
0054	00 00 60 EA 00 00 00 00 00 04 02 00 

*		Instruction type: 0x00
*		Code offset: 0x000001AC
0060	AC 01 00 00 

*		Instruction type: 0x00
*		Code offset: 0x00000218
0064	18 02 00 00 

*
*	2 REFERENCE(S) TO 8-BIT VAR AT BYTE #3 OF DATA BLOCK %Q0
0068	00 00 00 00 03 00 00 00 02 01 02 00 

*		Instruction type: 0x00
*		Code offset: 0x00000384
0074	84 03 00 00 

*		Instruction type: 0x00
*		Code offset: 0x000007D0
0078	D0 07 00 00 

*
*	1 REFERENCE(S) TO 8-BIT VAR AT BYTE #0 OF DATA BLOCK %Q0
007C	00 00 00 00 00 00 00 00 02 01 01 00 

*		Instruction type: 0x00
*		Code offset: 0x0000037C
0088	7C 03 00 00 


***************************************************
	 FUNCTION PATCHES
***************************************************

NAME: sysCfgAO  - NUM: 1
	 Patch - TYPE: 0x0 - CODE OFFSET: 0x00000744

NAME: sysDBase_SetExtTable  - NUM: 1
	 Patch - TYPE: 0x0 - CODE OFFSET: 0x00000510

NAME: sysCfgProgDIO  - NUM: 1
	 Patch - TYPE: 0x0 - CODE OFFSET: 0x0000074C

NAME: sysCfgProgDIOs  - NUM: 1
	 Patch - TYPE: 0x0 - CODE OFFSET: 0x00000748

NAME: sysCfgTempProbe  - NUM: 1
	 Patch - TYPE: 0x0 - CODE OFFSET: 0x00000754

NAME: sysCfgTempProbes  - NUM: 1
	 Patch - TYPE: 0x0 - CODE OFFSET: 0x00000750

NAME: sysCfgDOs  - NUM: 1
	 Patch - TYPE: 0x0 - CODE OFFSET: 0x0000073C

NAME: sysCfgAIs  - NUM: 1
	 Patch - TYPE: 0x0 - CODE OFFSET: 0x00000740
